data/go/a7e906e0-b163-11e9-b813-6a963bce8695.jpg 0
data/nogo/e0013772-b169-11e9-ba89-6a963bce8695.jpg 1
data/go/c232f902-b163-11e9-b813-6a963bce8695.jpg 0
data/go/e76b0c96-b163-11e9-b813-6a963bce8695.jpg 0
data/nogo/e11e3678-b169-11e9-ba89-6a963bce8695.jpg 1
data/go/ada7657c-b163-11e9-b813-6a963bce8695.jpg 0
data/nogo/156687fa-b16a-11e9-9705-6a963bce8695.jpg 1
data/go/77342270-b161-11e9-b9e7-6a963bce8695.jpg 0
data/go/481e0a60-b16a-11e9-9705-6a963bce8695.jpg 0
data/nogo/ffa26d30-b169-11e9-9705-6a963bce8695.jpg 1
data/go/4a2e7c9a-b16a-11e9-9705-6a963bce8695.jpg 0
data/nogo/57b69974-b16a-11e9-9705-6a963bce8695.jpg 1
data/go/536799cc-b16a-11e9-9705-6a963bce8695.jpg 0
data/nogo/3cfb3c52-b16a-11e9-9705-6a963bce8695.jpg 1
data/go/45bbcae6-b16a-11e9-9705-6a963bce8695.jpg 0
data/nogo/e0f561b2-b169-11e9-ba89-6a963bce8695.jpg 1
data/nogo/bb81a98c-b163-11e9-b813-6a963bce8695.jpg 1
data/nogo/1a2aa776-b16a-11e9-9705-6a963bce8695.jpg 1
data/go/e80dc9f4-b163-11e9-b813-6a963bce8695.jpg 0
data/nogo/04b8c422-b16a-11e9-9705-6a963bce8695.jpg 1
data/go/3766ddfa-b16a-11e9-9705-6a963bce8695.jpg 0
data/nogo/cf162ebe-b163-11e9-b813-6a963bce8695.jpg 1
data/nogo/58fcfc38-b16a-11e9-9705-6a963bce8695.jpg 1
data/nogo/4ef36d44-b16a-11e9-9705-6a963bce8695.jpg 1
data/nogo/3a9760ee-b16a-11e9-9705-6a963bce8695.jpg 1
data/go/7088275a-b161-11e9-b9e7-6a963bce8695.jpg 0
data/go/1936ab30-b16a-11e9-9705-6a963bce8695.jpg 0
data/go/435892b6-b16a-11e9-9705-6a963bce8695.jpg 0
data/nogo/41c15532-b16a-11e9-9705-6a963bce8695.jpg 1
data/nogo/e052864a-b169-11e9-ba89-6a963bce8695.jpg 1
data/go/3c2f47e6-b16a-11e9-9705-6a963bce8695.jpg 0
data/go/3ee35004-b16a-11e9-9705-6a963bce8695.jpg 0
data/nogo/59f11fde-b16a-11e9-9705-6a963bce8695.jpg 1
data/nogo/050a2c04-b16a-11e9-9705-6a963bce8695.jpg 1
data/nogo/5ae5f2fc-b16a-11e9-9705-6a963bce8695.jpg 1
data/go/54343a22-b16a-11e9-9705-6a963bce8695.jpg 0
data/go/a2fbb6aa-b163-11e9-b813-6a963bce8695.jpg 0
data/go/1028813a-b16a-11e9-9705-6a963bce8695.jpg 0
data/go/a4e44a7c-b163-11e9-b813-6a963bce8695.jpg 0
data/nogo/3093239e-b16a-11e9-9705-6a963bce8695.jpg 1
data/nogo/4b4ace6c-b16a-11e9-9705-6a963bce8695.jpg 1
data/go/296b50be-b16a-11e9-9705-6a963bce8695.jpg 0
data/go/0f5d678e-b16a-11e9-9705-6a963bce8695.jpg 0
data/go/3c5809e2-b16a-11e9-9705-6a963bce8695.jpg 0
data/nogo/b089369e-b163-11e9-b813-6a963bce8695.jpg 1
data/go/3504e930-b16a-11e9-9705-6a963bce8695.jpg 0
data/nogo/3f5d9f4e-b16a-11e9-9705-6a963bce8695.jpg 1
data/nogo/0ac1af00-b16a-11e9-9705-6a963bce8695.jpg 1
data/go/d690d108-b163-11e9-b813-6a963bce8695.jpg 0
data/nogo/a3f0896e-b163-11e9-b813-6a963bce8695.jpg 1
data/nogo/4fe7dd70-b16a-11e9-9705-6a963bce8695.jpg 1
data/nogo/0626b706-b16a-11e9-9705-6a963bce8695.jpg 1
data/go/018a8100-b16a-11e9-9705-6a963bce8695.jpg 0
data/go/3186fb18-b16a-11e9-9705-6a963bce8695.jpg 0
data/nogo/b57715fe-b163-11e9-b813-6a963bce8695.jpg 1
data/go/49b49fba-b16a-11e9-9705-6a963bce8695.jpg 0
data/nogo/38326100-b16a-11e9-9705-6a963bce8695.jpg 1
data/go/e20446fa-b163-11e9-b813-6a963bce8695.jpg 0
data/nogo/26b7a8ae-b16a-11e9-9705-6a963bce8695.jpg 1
data/go/36ecfdaa-b16a-11e9-9705-6a963bce8695.jpg 0
data/go/174e8c34-b16a-11e9-9705-6a963bce8695.jpg 0
data/go/e62608ea-b163-11e9-b813-6a963bce8695.jpg 0
data/nogo/22e7504e-b16a-11e9-9705-6a963bce8695.jpg 1
data/go/2a0db9ee-b16a-11e9-9705-6a963bce8695.jpg 0
data/go/30bbc13c-b16a-11e9-9705-6a963bce8695.jpg 0
data/nogo/529c1c0c-b16a-11e9-9705-6a963bce8695.jpg 1
data/nogo/51f9487e-b16a-11e9-9705-6a963bce8695.jpg 1
data/nogo/4af95e2e-b16a-11e9-9705-6a963bce8695.jpg 1
data/go/27fdcfd6-b16a-11e9-9705-6a963bce8695.jpg 0
data/nogo/06c93e54-b16a-11e9-9705-6a963bce8695.jpg 1
data/nogo/407c32a0-b16a-11e9-9705-6a963bce8695.jpg 1
data/go/dd402c74-b163-11e9-b813-6a963bce8695.jpg 0
data/nogo/1631b952-b16a-11e9-9705-6a963bce8695.jpg 1
data/nogo/38fea6ac-b16a-11e9-9705-6a963bce8695.jpg 1
data/nogo/fe33f900-b169-11e9-9705-6a963bce8695.jpg 1
data/go/48468292-b16a-11e9-9705-6a963bce8695.jpg 0
data/nogo/5698b87e-b16a-11e9-9705-6a963bce8695.jpg 1
data/nogo/4b73da00-b16a-11e9-9705-6a963bce8695.jpg 1
data/go/23b2894e-b16a-11e9-9705-6a963bce8695.jpg 0
data/go/2b022d76-b16a-11e9-9705-6a963bce8695.jpg 0
data/go/57135a66-b16a-11e9-9705-6a963bce8695.jpg 0
data/nogo/3fd9283a-b16a-11e9-9705-6a963bce8695.jpg 1
data/nogo/1f406426-b16a-11e9-9705-6a963bce8695.jpg 1
data/nogo/26664e78-b16a-11e9-9705-6a963bce8695.jpg 1
data/nogo/22bec12e-b16a-11e9-9705-6a963bce8695.jpg 1
data/go/1144de42-b16a-11e9-9705-6a963bce8695.jpg 0
data/go/bf524bde-b163-11e9-b813-6a963bce8695.jpg 0
data/nogo/3a6e6284-b16a-11e9-9705-6a963bce8695.jpg 1
data/go/08880d1a-b16a-11e9-9705-6a963bce8695.jpg 0
data/nogo/097c3a70-b16a-11e9-9705-6a963bce8695.jpg 1
data/go/3e17bac0-b16a-11e9-9705-6a963bce8695.jpg 0
data/nogo/3d9e0234-b16a-11e9-9705-6a963bce8695.jpg 1
data/nogo/573c02c2-b16a-11e9-9705-6a963bce8695.jpg 1
data/go/58ab91ea-b16a-11e9-9705-6a963bce8695.jpg 0
data/nogo/55cd3a00-b16a-11e9-9705-6a963bce8695.jpg 1
data/nogo/153dd99a-b16a-11e9-9705-6a963bce8695.jpg 1
data/nogo/52ed4000-b16a-11e9-9705-6a963bce8695.jpg 1
data/go/32295354-b16a-11e9-9705-6a963bce8695.jpg 0
data/go/825d63b4-b161-11e9-b9e7-6a963bce8695.jpg 0
data/go/3f352082-b16a-11e9-9705-6a963bce8695.jpg 0
data/go/6634ee78-b161-11e9-b9e7-6a963bce8695.jpg 0
data/nogo/357e9906-b16a-11e9-9705-6a963bce8695.jpg 1
data/go/45e48fbc-b16a-11e9-9705-6a963bce8695.jpg 0
data/go/3cd2d0b4-b16a-11e9-9705-6a963bce8695.jpg 0
data/go/88676c28-b161-11e9-b9e7-6a963bce8695.jpg 0
data/nogo/5bb1663a-b16a-11e9-9705-6a963bce8695.jpg 1
data/nogo/b8cdbc76-b163-11e9-b813-6a963bce8695.jpg 1
data/go/e2cfc816-b163-11e9-b813-6a963bce8695.jpg 0
data/go/0fd75134-b16a-11e9-9705-6a963bce8695.jpg 0
data/go/4aa84034-b16a-11e9-9705-6a963bce8695.jpg 0
data/go/0faea48c-b16a-11e9-9705-6a963bce8695.jpg 0
data/go/3960d620-b169-11e9-a8c5-6a963bce8695.jpg 0
data/nogo/3ae907be-b16a-11e9-9705-6a963bce8695.jpg 1
data/nogo/149af3ce-b16a-11e9-9705-6a963bce8695.jpg 1
data/go/43d29bd8-b16a-11e9-9705-6a963bce8695.jpg 0
data/go/33971398-b16a-11e9-9705-6a963bce8695.jpg 0
data/go/35563eb6-b16a-11e9-9705-6a963bce8695.jpg 0
data/nogo/5808d9e6-b16a-11e9-9705-6a963bce8695.jpg 1
data/go/e85ef96e-b163-11e9-b813-6a963bce8695.jpg 0
data/nogo/19d91ff0-b16a-11e9-9705-6a963bce8695.jpg 1
data/go/48e9928e-b16a-11e9-9705-6a963bce8695.jpg 0
data/nogo/2c7009a8-b16a-11e9-9705-6a963bce8695.jpg 1
data/nogo/263dae3c-b16a-11e9-9705-6a963bce8695.jpg 1
data/nogo/51a7bb08-b16a-11e9-9705-6a963bce8695.jpg 1
data/go/32009982-b16a-11e9-9705-6a963bce8695.jpg 0
data/nogo/4212f7d4-b16a-11e9-9705-6a963bce8695.jpg 1
data/nogo/35d0129a-b16a-11e9-9705-6a963bce8695.jpg 1
data/nogo/1420ef2a-b16a-11e9-9705-6a963bce8695.jpg 1
data/nogo/16d4b2ec-b16a-11e9-9705-6a963bce8695.jpg 1
data/go/972e9fb0-b161-11e9-b9e7-6a963bce8695.jpg 0
data/nogo/21caf35a-b16a-11e9-9705-6a963bce8695.jpg 1
data/go/3e40977e-b16a-11e9-9705-6a963bce8695.jpg 0
data/nogo/533eddfc-b16a-11e9-9705-6a963bce8695.jpg 1
data/go/2ba4a6e6-b16a-11e9-9705-6a963bce8695.jpg 0
data/go/969690e2-b163-11e9-b813-6a963bce8695.jpg 0
data/go/1c3b4a02-b16a-11e9-9705-6a963bce8695.jpg 0
data/nogo/1a532700-b16a-11e9-9705-6a963bce8695.jpg 1
data/go/545d2bee-b16a-11e9-9705-6a963bce8695.jpg 0
data/nogo/5a1991f8-b16a-11e9-9705-6a963bce8695.jpg 1
data/go/b736bd4a-b163-11e9-b813-6a963bce8695.jpg 0
data/nogo/1d069fcc-b16a-11e9-9705-6a963bce8695.jpg 1
data/go/23db66c0-b16a-11e9-9705-6a963bce8695.jpg 0
data/nogo/1bc19e64-b16a-11e9-9705-6a963bce8695.jpg 1
data/go/486f31f6-b16a-11e9-9705-6a963bce8695.jpg 0
data/nogo/226d7f94-b16a-11e9-9705-6a963bce8695.jpg 1
data/go/2efb9052-b16a-11e9-9705-6a963bce8695.jpg 0
data/go/557bb0e0-b16a-11e9-9705-6a963bce8695.jpg 0
data/nogo/4f1c57d6-b16a-11e9-9705-6a963bce8695.jpg 1
data/go/69db38b6-b161-11e9-b9e7-6a963bce8695.jpg 0
data/nogo/df5e82b6-b169-11e9-ba89-6a963bce8695.jpg 1
data/go/3a7cf4bc-b169-11e9-a8c5-6a963bce8695.jpg 0
data/go/1eef0090-b16a-11e9-9705-6a963bce8695.jpg 0
data/go/5061baaa-b16a-11e9-9705-6a963bce8695.jpg 0
data/nogo/df87130c-b169-11e9-ba89-6a963bce8695.jpg 1
data/go/84e96f6a-b161-11e9-b9e7-6a963bce8695.jpg 0
data/nogo/21a26930-b16a-11e9-9705-6a963bce8695.jpg 1
data/nogo/24f85144-b16a-11e9-9705-6a963bce8695.jpg 1
data/go/78799f3e-b161-11e9-b9e7-6a963bce8695.jpg 0
data/nogo/af40c324-b163-11e9-b813-6a963bce8695.jpg 1
data/nogo/1e4c4b7a-b16a-11e9-9705-6a963bce8695.jpg 1
data/nogo/046798f4-b16a-11e9-9705-6a963bce8695.jpg 1
data/go/ebdf5bce-b163-11e9-b813-6a963bce8695.jpg 0
data/nogo/2ddeff42-b16a-11e9-9705-6a963bce8695.jpg 1
data/go/034aead4-b16a-11e9-9705-6a963bce8695.jpg 0
data/nogo/1bea1d6c-b16a-11e9-9705-6a963bce8695.jpg 1
data/nogo/1dfa9f64-b16a-11e9-9705-6a963bce8695.jpg 1
data/go/1304544c-b16a-11e9-9705-6a963bce8695.jpg 0
data/nogo/1d806f78-b16a-11e9-9705-6a963bce8695.jpg 1
data/nogo/5b88db3e-b16a-11e9-9705-6a963bce8695.jpg 1
data/go/8d0345e0-b161-11e9-b9e7-6a963bce8695.jpg 0
data/go/49122514-b16a-11e9-9705-6a963bce8695.jpg 0
data/go/a8118516-b163-11e9-b813-6a963bce8695.jpg 0
data/nogo/2f9e1b10-b16a-11e9-9705-6a963bce8695.jpg 1
data/go/47f52064-b16a-11e9-9705-6a963bce8695.jpg 0
data/go/348b25fa-b16a-11e9-9705-6a963bce8695.jpg 0
data/go/27d53f94-b16a-11e9-9705-6a963bce8695.jpg 0
data/nogo/40f5ecd0-b16a-11e9-9705-6a963bce8695.jpg 1
data/go/8d54997c-b161-11e9-b9e7-6a963bce8695.jpg 0
data/nogo/dd915338-b163-11e9-b813-6a963bce8695.jpg 1
data/nogo/2f242b7a-b16a-11e9-9705-6a963bce8695.jpg 1
data/go/498c094c-b16a-11e9-9705-6a963bce8695.jpg 0
data/nogo/2a88253a-b16a-11e9-9705-6a963bce8695.jpg 1
data/go/116d672c-b16a-11e9-9705-6a963bce8695.jpg 0
data/nogo/03ed67c8-b16a-11e9-9705-6a963bce8695.jpg 1
data/nogo/fe85ab56-b169-11e9-9705-6a963bce8695.jpg 1
data/nogo/f77b981c-b163-11e9-b813-6a963bce8695.jpg 1
data/nogo/2b7c2004-b16a-11e9-9705-6a963bce8695.jpg 1
data/nogo/4cb97942-b16a-11e9-9705-6a963bce8695.jpg 1
data/nogo/4bee5f32-b16a-11e9-9705-6a963bce8695.jpg 1
data/nogo/1b477a6c-b16a-11e9-9705-6a963bce8695.jpg 1
data/go/1725dde8-b16a-11e9-9705-6a963bce8695.jpg 0
data/go/325202f4-b16a-11e9-9705-6a963bce8695.jpg 0
data/nogo/1c640eba-b16a-11e9-9705-6a963bce8695.jpg 1
data/nogo/39274986-b16a-11e9-9705-6a963bce8695.jpg 1
data/go/a099ee36-b163-11e9-b813-6a963bce8695.jpg 0
data/nogo/1f1798c0-b16a-11e9-9705-6a963bce8695.jpg 1
data/nogo/055b34e6-b16a-11e9-9705-6a963bce8695.jpg 1
data/nogo/04163acc-b16a-11e9-9705-6a963bce8695.jpg 1
data/go/428ce1a2-b16a-11e9-9705-6a963bce8695.jpg 0
data/nogo/42b5b834-b16a-11e9-9705-6a963bce8695.jpg 1
data/go/f51932be-b163-11e9-b813-6a963bce8695.jpg 0
data/go/55016114-b16a-11e9-9705-6a963bce8695.jpg 0
data/go/d8292c36-b163-11e9-b813-6a963bce8695.jpg 0
data/nogo/1a01f272-b16a-11e9-9705-6a963bce8695.jpg 1
data/nogo/179f914c-b16a-11e9-9705-6a963bce8695.jpg 1
data/nogo/1e233348-b16a-11e9-9705-6a963bce8695.jpg 1
data/nogo/3a45b56e-b16a-11e9-9705-6a963bce8695.jpg 1
data/go/961c7bc2-b163-11e9-b813-6a963bce8695.jpg 0
data/go/38d5e316-b16a-11e9-9705-6a963bce8695.jpg 0
data/nogo/06f1c4fa-b16a-11e9-9705-6a963bce8695.jpg 1
data/nogo/0204c776-b16a-11e9-9705-6a963bce8695.jpg 1
data/nogo/3def3ad2-b16a-11e9-9705-6a963bce8695.jpg 1
data/nogo/44ef3116-b16a-11e9-9705-6a963bce8695.jpg 1
data/go/3a542e88-b169-11e9-a8c5-6a963bce8695.jpg 0
data/nogo/2c478b2c-b16a-11e9-9705-6a963bce8695.jpg 1
data/nogo/4b223a7e-b16a-11e9-9705-6a963bce8695.jpg 1
data/nogo/89078710-b163-11e9-b813-6a963bce8695.jpg 1
data/go/2549790c-b16a-11e9-9705-6a963bce8695.jpg 0
data/nogo/13a6e928-b16a-11e9-9705-6a963bce8695.jpg 1
data/go/e22d1904-b163-11e9-b813-6a963bce8695.jpg 0
data/nogo/02a79212-b16a-11e9-9705-6a963bce8695.jpg 1
data/nogo/fdb9ee80-b169-11e9-9705-6a963bce8695.jpg 1
data/go/0d750a3a-b16a-11e9-9705-6a963bce8695.jpg 0
data/nogo/01b3518e-b16a-11e9-9705-6a963bce8695.jpg 1
data/go/0b3b7b1e-b16a-11e9-9705-6a963bce8695.jpg 0
data/nogo/25ec4baa-b16a-11e9-9705-6a963bce8695.jpg 1
data/nogo/2f4cc274-b16a-11e9-9705-6a963bce8695.jpg 1
data/go/3673075c-b16a-11e9-9705-6a963bce8695.jpg 0
data/nogo/186b8374-b16a-11e9-9705-6a963bce8695.jpg 1
data/nogo/4198f2a4-b16a-11e9-9705-6a963bce8695.jpg 1
data/nogo/221c1028-b16a-11e9-9705-6a963bce8695.jpg 1
data/nogo/4592e784-b16a-11e9-9705-6a963bce8695.jpg 1
data/go/28c8f99a-b16a-11e9-9705-6a963bce8695.jpg 0
data/go/10a29c90-b16a-11e9-9705-6a963bce8695.jpg 0
data/go/53e280ce-b16a-11e9-9705-6a963bce8695.jpg 0
data/go/afbc77da-b163-11e9-b813-6a963bce8695.jpg 0
data/go/a76f0412-b163-11e9-b813-6a963bce8695.jpg 0
data/nogo/205cc48a-b16a-11e9-9705-6a963bce8695.jpg 1
data/nogo/5bda3402-b16a-11e9-9705-6a963bce8695.jpg 1
data/nogo/120fe81c-b16a-11e9-9705-6a963bce8695.jpg 1
data/nogo/2783f4ea-b16a-11e9-9705-6a963bce8695.jpg 1
data/nogo/460dad84-b16a-11e9-9705-6a963bce8695.jpg 1
data/nogo/aec58f10-b163-11e9-b813-6a963bce8695.jpg 1
data/nogo/3c067988-b16a-11e9-9705-6a963bce8695.jpg 1
data/go/d8f53f88-b163-11e9-b813-6a963bce8695.jpg 0
data/go/2403f22a-b16a-11e9-9705-6a963bce8695.jpg 0
data/nogo/3040fa38-b16a-11e9-9705-6a963bce8695.jpg 1
data/go/0f34b55a-b16a-11e9-9705-6a963bce8695.jpg 0
data/go/c01ec5f6-b163-11e9-b813-6a963bce8695.jpg 0
data/go/f054c446-b163-11e9-b813-6a963bce8695.jpg 0
data/nogo/2c1eb94a-b16a-11e9-9705-6a963bce8695.jpg 1
data/nogo/14496cac-b16a-11e9-9705-6a963bce8695.jpg 1
data/nogo/df35d7d0-b169-11e9-ba89-6a963bce8695.jpg 1
data/go/2455dd24-b16a-11e9-9705-6a963bce8695.jpg 0
data/nogo/874636ec-b163-11e9-b813-6a963bce8695.jpg 1
data/go/16fd6ba6-b16a-11e9-9705-6a963bce8695.jpg 0
data/nogo/48980fae-b16a-11e9-9705-6a963bce8695.jpg 1
data/go/940005e0-b161-11e9-b9e7-6a963bce8695.jpg 0
data/go/11bebf96-b16a-11e9-9705-6a963bce8695.jpg 0
data/go/851225fe-b161-11e9-b9e7-6a963bce8695.jpg 0
data/nogo/34626fac-b16a-11e9-9705-6a963bce8695.jpg 1
data/nogo/09cd6530-b16a-11e9-9705-6a963bce8695.jpg 1
data/nogo/18bcc8f6-b16a-11e9-9705-6a963bce8695.jpg 1
data/nogo/e0a3db08-b169-11e9-ba89-6a963bce8695.jpg 1
data/go/ad2d19b6-b163-11e9-b813-6a963bce8695.jpg 0
data/go/4701211c-b16a-11e9-9705-6a963bce8695.jpg 0
data/go/395022f2-b16a-11e9-9705-6a963bce8695.jpg 0
data/go/3c81197c-b16a-11e9-9705-6a963bce8695.jpg 0
data/nogo/51d04e42-b16a-11e9-9705-6a963bce8695.jpg 1
data/nogo/0bde5e74-b16a-11e9-9705-6a963bce8695.jpg 1
data/go/956ec4ca-b161-11e9-b9e7-6a963bce8695.jpg 0
data/go/444cb350-b16a-11e9-9705-6a963bce8695.jpg 0
data/go/53b97210-b16a-11e9-9705-6a963bce8695.jpg 0
data/nogo/39f383e8-b16a-11e9-9705-6a963bce8695.jpg 1
data/go/29e52966-b16a-11e9-9705-6a963bce8695.jpg 0
data/nogo/2179e7a8-b16a-11e9-9705-6a963bce8695.jpg 1
data/nogo/2fefb40c-b16a-11e9-9705-6a963bce8695.jpg 1
data/go/0a1ed000-b16a-11e9-9705-6a963bce8695.jpg 0
data/nogo/451810fe-b16a-11e9-9705-6a963bce8695.jpg 1
data/go/378f634c-b16a-11e9-9705-6a963bce8695.jpg 0
data/go/5010a494-b16a-11e9-9705-6a963bce8695.jpg 0
data/go/3e694250-b16a-11e9-9705-6a963bce8695.jpg 0
data/nogo/59c85d06-b16a-11e9-9705-6a963bce8695.jpg 1
data/go/8fe2e066-b163-11e9-b813-6a963bce8695.jpg 0
data/go/81698866-b161-11e9-b9e7-6a963bce8695.jpg 0
data/go/47a3d8b2-b16a-11e9-9705-6a963bce8695.jpg 0
data/nogo/2b2ae9b4-b16a-11e9-9705-6a963bce8695.jpg 1
data/nogo/dfafc586-b169-11e9-ba89-6a963bce8695.jpg 1
data/go/8300ebc4-b161-11e9-b9e7-6a963bce8695.jpg 0
data/nogo/af69fed8-b163-11e9-b813-6a963bce8695.jpg 1
data/go/9d3a48aa-b161-11e9-b9e7-6a963bce8695.jpg 0
data/nogo/1c8cd854-b16a-11e9-9705-6a963bce8695.jpg 1
data/nogo/3d23f746-b16a-11e9-9705-6a963bce8695.jpg 1
data/go/58d4198a-b16a-11e9-9705-6a963bce8695.jpg 0
data/go/594e38f0-b16a-11e9-9705-6a963bce8695.jpg 0
data/nogo/0045a248-b16a-11e9-9705-6a963bce8695.jpg 1
data/nogo/4dad5a62-b16a-11e9-9705-6a963bce8695.jpg 1
data/nogo/2d3b28f4-b16a-11e9-9705-6a963bce8695.jpg 1
data/nogo/21f3abd8-b16a-11e9-9705-6a963bce8695.jpg 1
data/go/43a9f796-b16a-11e9-9705-6a963bce8695.jpg 0
data/go/29940392-b16a-11e9-9705-6a963bce8695.jpg 0
data/nogo/1f91b132-b16a-11e9-9705-6a963bce8695.jpg 1
data/nogo/414794cc-b16a-11e9-9705-6a963bce8695.jpg 1
data/go/29bc770a-b16a-11e9-9705-6a963bce8695.jpg 0
data/nogo/1b700914-b16a-11e9-9705-6a963bce8695.jpg 1
data/nogo/aa770e66-b163-11e9-b813-6a963bce8695.jpg 1
data/go/327a6e9c-b16a-11e9-9705-6a963bce8695.jpg 0
data/go/d59c6b2c-b163-11e9-b813-6a963bce8695.jpg 0
data/go/4729d328-b16a-11e9-9705-6a963bce8695.jpg 0
data/go/01392d50-b16a-11e9-9705-6a963bce8695.jpg 0
data/nogo/d179d93a-b163-11e9-b813-6a963bce8695.jpg 1
data/nogo/4c16ebaa-b16a-11e9-9705-6a963bce8695.jpg 1
data/go/0b8d3378-b16a-11e9-9705-6a963bce8695.jpg 0
data/go/47cc4f22-b16a-11e9-9705-6a963bce8695.jpg 0
data/nogo/3f8722ec-b16a-11e9-9705-6a963bce8695.jpg 1
data/nogo/27322bba-b16a-11e9-9705-6a963bce8695.jpg 1
data/nogo/2e0779cc-b16a-11e9-9705-6a963bce8695.jpg 1
data/go/25724530-b16a-11e9-9705-6a963bce8695.jpg 0
data/go/85dd7b96-b161-11e9-b9e7-6a963bce8695.jpg 0
data/go/e5317424-b163-11e9-b813-6a963bce8695.jpg 0
data/nogo/09f630c8-b16a-11e9-9705-6a963bce8695.jpg 1
data/nogo/a3c7b28c-b163-11e9-b813-6a963bce8695.jpg 1
data/nogo/f7cd41b2-b163-11e9-b813-6a963bce8695.jpg 1
data/nogo/4ecaeefa-b16a-11e9-9705-6a963bce8695.jpg 1
data/nogo/0c815372-b16a-11e9-9705-6a963bce8695.jpg 1
data/go/05841348-b16a-11e9-9705-6a963bce8695.jpg 0
data/go/f44d23ae-b163-11e9-b813-6a963bce8695.jpg 0
data/go/97a8a9c2-b161-11e9-b9e7-6a963bce8695.jpg 0
data/nogo/1cde242a-b16a-11e9-9705-6a963bce8695.jpg 1
data/nogo/561e9800-b16a-11e9-9705-6a963bce8695.jpg 1
data/go/27ac8e1e-b16a-11e9-9705-6a963bce8695.jpg 0
data/go/9d118eec-b161-11e9-b9e7-6a963bce8695.jpg 0
data/go/3a2bcd12-b169-11e9-a8c5-6a963bce8695.jpg 0
data/nogo/275b2a88-b16a-11e9-9705-6a963bce8695.jpg 1
data/nogo/04e17782-b16a-11e9-9705-6a963bce8695.jpg 1
data/go/37156ae2-b16a-11e9-9705-6a963bce8695.jpg 0
data/go/92697dba-b161-11e9-b9e7-6a963bce8695.jpg 0
data/go/517e79f0-b16a-11e9-9705-6a963bce8695.jpg 0
data/nogo/5221edd8-b16a-11e9-9705-6a963bce8695.jpg 1
data/go/e9f62932-b163-11e9-b813-6a963bce8695.jpg 0
data/nogo/53909e26-b16a-11e9-9705-6a963bce8695.jpg 1
data/go/900702d6-b161-11e9-b9e7-6a963bce8695.jpg 0
data/nogo/4bc579be-b16a-11e9-9705-6a963bce8695.jpg 1
data/nogo/a6f504d2-b163-11e9-b813-6a963bce8695.jpg 1
data/go/449df2c4-b16a-11e9-9705-6a963bce8695.jpg 0
data/go/e11022f0-b163-11e9-b813-6a963bce8695.jpg 0
data/go/87222ba0-b161-11e9-b9e7-6a963bce8695.jpg 0
data/nogo/01dbedce-b16a-11e9-9705-6a963bce8695.jpg 1
data/nogo/238a2594-b16a-11e9-9705-6a963bce8695.jpg 1
data/go/2d12d00c-b16a-11e9-9705-6a963bce8695.jpg 0
data/nogo/4e27cec8-b16a-11e9-9705-6a963bce8695.jpg 1
data/go/28777d5e-b16a-11e9-9705-6a963bce8695.jpg 0
data/go/465eeeb0-b16a-11e9-9705-6a963bce8695.jpg 0
data/go/28266b3a-b16a-11e9-9705-6a963bce8695.jpg 0
data/nogo/5c5487fc-b16a-11e9-9705-6a963bce8695.jpg 1
data/go/9578bbc2-b163-11e9-b813-6a963bce8695.jpg 0
data/nogo/39cafd92-b16a-11e9-9705-6a963bce8695.jpg 1
data/nogo/08d91ea8-b16a-11e9-9705-6a963bce8695.jpg 1
data/go/00e809b6-b16a-11e9-9705-6a963bce8695.jpg 0
data/nogo/4f451f04-b16a-11e9-9705-6a963bce8695.jpg 1
data/go/841e09b0-b161-11e9-b9e7-6a963bce8695.jpg 0
data/nogo/778295e8-b163-11e9-b813-6a963bce8695.jpg 1
data/nogo/57dfe266-b16a-11e9-9705-6a963bce8695.jpg 1
data/go/294287e2-b16a-11e9-9705-6a963bce8695.jpg 0
data/go/4c684914-b16a-11e9-9705-6a963bce8695.jpg 0
data/nogo/306a168e-b16a-11e9-9705-6a963bce8695.jpg 1
data/nogo/06a084fa-b16a-11e9-9705-6a963bce8695.jpg 1
data/go/085f7bd4-b16a-11e9-9705-6a963bce8695.jpg 0
data/nogo/39a1fce4-b16a-11e9-9705-6a963bce8695.jpg 1
data/go/64248fb2-b161-11e9-b9e7-6a963bce8695.jpg 0
data/go/43300436-b16a-11e9-9705-6a963bce8695.jpg 0
data/go/369bbba2-b16a-11e9-9705-6a963bce8695.jpg 0
data/go/efdb4350-b163-11e9-b813-6a963bce8695.jpg 0
data/go/0b12fc5c-b16a-11e9-9705-6a963bce8695.jpg 0
data/go/39796aa4-b16a-11e9-9705-6a963bce8695.jpg 0
data/nogo/fe5cd3d4-b169-11e9-9705-6a963bce8695.jpg 1
data/nogo/599f695a-b16a-11e9-9705-6a963bce8695.jpg 1
data/go/31d82a38-b16a-11e9-9705-6a963bce8695.jpg 0
data/nogo/3dc6960e-b16a-11e9-9705-6a963bce8695.jpg 1
data/nogo/0742f3a2-b16a-11e9-9705-6a963bce8695.jpg 1
data/nogo/4f6d9984-b16a-11e9-9705-6a963bce8695.jpg 1
data/go/315e42d6-b16a-11e9-9705-6a963bce8695.jpg 0
data/go/4d336f7c-b16a-11e9-9705-6a963bce8695.jpg 0
data/nogo/0161aafa-b16a-11e9-9705-6a963bce8695.jpg 1
data/go/8191fd3c-b161-11e9-b9e7-6a963bce8695.jpg 0
data/nogo/2ab0e100-b16a-11e9-9705-6a963bce8695.jpg 1
data/nogo/0a98c87e-b16a-11e9-9705-6a963bce8695.jpg 1
data/go/3649c842-b16a-11e9-9705-6a963bce8695.jpg 0
data/go/f56ae3ac-b163-11e9-b813-6a963bce8695.jpg 0
data/go/524ad734-b16a-11e9-9705-6a963bce8695.jpg 0
data/nogo/fd3ffad0-b169-11e9-9705-6a963bce8695.jpg 1
data/go/c8e472d0-b163-11e9-b813-6a963bce8695.jpg 0
data/nogo/52738c6a-b16a-11e9-9705-6a963bce8695.jpg 1
data/nogo/55a4908c-b16a-11e9-9705-6a963bce8695.jpg 1
data/nogo/4423d5ca-b16a-11e9-9705-6a963bce8695.jpg 1
data/nogo/13f81f8c-b16a-11e9-9705-6a963bce8695.jpg 1
data/nogo/2db639ae-b16a-11e9-9705-6a963bce8695.jpg 1
data/nogo/25210c4c-b16a-11e9-9705-6a963bce8695.jpg 1
data/nogo/039c3cf4-b16a-11e9-9705-6a963bce8695.jpg 1
data/go/0d4c6120-b16a-11e9-9705-6a963bce8695.jpg 0
data/nogo/fd912338-b169-11e9-9705-6a963bce8695.jpg 1
data/nogo/02563fac-b16a-11e9-9705-6a963bce8695.jpg 1
data/nogo/5a424990-b16a-11e9-9705-6a963bce8695.jpg 1
data/nogo/03c4b2b0-b16a-11e9-9705-6a963bce8695.jpg 1
data/go/531625f6-b16a-11e9-9705-6a963bce8695.jpg 0
data/go/02d03ed8-b16a-11e9-9705-6a963bce8695.jpg 0
data/go/0a700f88-b16a-11e9-9705-6a963bce8695.jpg 0
data/go/ec318408-b163-11e9-b813-6a963bce8695.jpg 0
data/go/92185a0c-b161-11e9-b9e7-6a963bce8695.jpg 0
data/nogo/50b30bda-b16a-11e9-9705-6a963bce8695.jpg 1
data/go/38097452-b16a-11e9-9705-6a963bce8695.jpg 0
data/nogo/270977a6-b16a-11e9-9705-6a963bce8695.jpg 1
data/go/39b1fec4-b169-11e9-a8c5-6a963bce8695.jpg 0
data/nogo/44c6c9e2-b16a-11e9-9705-6a963bce8695.jpg 1
data/nogo/4fbf0896-b16a-11e9-9705-6a963bce8695.jpg 1
data/go/4c3fb1e8-b16a-11e9-9705-6a963bce8695.jpg 0
data/go/3fb0291c-b16a-11e9-9705-6a963bce8695.jpg 0
data/go/0d2403e2-b16a-11e9-9705-6a963bce8695.jpg 0
data/nogo/bde370f2-b163-11e9-b813-6a963bce8695.jpg 1
data/go/dbfa81ac-b163-11e9-b813-6a963bce8695.jpg 0
data/go/578d8ff2-b16a-11e9-9705-6a963bce8695.jpg 0
data/go/33e87300-b16a-11e9-9705-6a963bce8695.jpg 0
data/go/46b00336-b16a-11e9-9705-6a963bce8695.jpg 0
data/nogo/0dc66a42-b16a-11e9-9705-6a963bce8695.jpg 1
data/go/51047664-b16a-11e9-9705-6a963bce8695.jpg 0
data/go/3ebaa604-b16a-11e9-9705-6a963bce8695.jpg 0
data/go/6569cdf6-b161-11e9-b9e7-6a963bce8695.jpg 0
data/nogo/0aea2336-b16a-11e9-9705-6a963bce8695.jpg 1
data/nogo/5b0f020a-b16a-11e9-9705-6a963bce8695.jpg 1
data/nogo/df0d42ac-b169-11e9-ba89-6a963bce8695.jpg 1
data/nogo/385afca0-b16a-11e9-9705-6a963bce8695.jpg 1
data/go/73b5976e-b161-11e9-b9e7-6a963bce8695.jpg 0
data/nogo/e0cca93e-b169-11e9-ba89-6a963bce8695.jpg 1
data/go/28a035fa-b16a-11e9-9705-6a963bce8695.jpg 0
data/nogo/34b3bd62-b16a-11e9-9705-6a963bce8695.jpg 1
data/go/1acd0548-b16a-11e9-9705-6a963bce8695.jpg 0
data/go/373e06fa-b16a-11e9-9705-6a963bce8695.jpg 0
data/go/5976dc9c-b16a-11e9-9705-6a963bce8695.jpg 0
data/go/83cc8266-b161-11e9-b9e7-6a963bce8695.jpg 0
data/go/43fb763e-b16a-11e9-9705-6a963bce8695.jpg 0
data/go/50dbe848-b16a-11e9-9705-6a963bce8695.jpg 0
data/go/48c0d574-b16a-11e9-9705-6a963bce8695.jpg 0
data/go/493ac9d8-b16a-11e9-9705-6a963bce8695.jpg 0
data/go/2c98c41a-b16a-11e9-9705-6a963bce8695.jpg 0
data/nogo/fe0b70de-b169-11e9-9705-6a963bce8695.jpg 1
data/nogo/095376b2-b16a-11e9-9705-6a963bce8695.jpg 1
data/nogo/076bae46-b16a-11e9-9705-6a963bce8695.jpg 1
data/go/65416af0-b161-11e9-b9e7-6a963bce8695.jpg 0
data/nogo/3ca9ec1c-b16a-11e9-9705-6a963bce8695.jpg 1
data/nogo/0def19c4-b16a-11e9-9705-6a963bce8695.jpg 1
data/nogo/ce4b0d88-b163-11e9-b813-6a963bce8695.jpg 1
data/nogo/ff28734a-b169-11e9-9705-6a963bce8695.jpg 1
data/go/3b8c8b1e-b16a-11e9-9705-6a963bce8695.jpg 0
data/nogo/14ec2cee-b16a-11e9-9705-6a963bce8695.jpg 1
data/nogo/12b312d0-b16a-11e9-9705-6a963bce8695.jpg 1
data/nogo/37e091c2-b16a-11e9-9705-6a963bce8695.jpg 1
data/go/4d5c1076-b16a-11e9-9705-6a963bce8695.jpg 0
data/go/28f1726c-b16a-11e9-9705-6a963bce8695.jpg 0
data/nogo/2bcd61e4-b16a-11e9-9705-6a963bce8695.jpg 1
data/nogo/2295f55a-b16a-11e9-9705-6a963bce8695.jpg 1
data/nogo/0ee30bba-b16a-11e9-9705-6a963bce8695.jpg 1
data/nogo/39896130-b169-11e9-a8c5-6a963bce8695.jpg 1
data/go/3439ccaa-b16a-11e9-9705-6a963bce8695.jpg 0
data/nogo/043ea78c-b16a-11e9-9705-6a963bce8695.jpg 1
data/nogo/4f965dc4-b16a-11e9-9705-6a963bce8695.jpg 1
data/nogo/5485e05c-b16a-11e9-9705-6a963bce8695.jpg 1
data/go/1776e558-b16a-11e9-9705-6a963bce8695.jpg 0
data/nogo/5abcfb72-b16a-11e9-9705-6a963bce8695.jpg 1
data/go/ad7ea0ce-b163-11e9-b813-6a963bce8695.jpg 0
data/go/ec5a2782-b163-11e9-b813-6a963bce8695.jpg 0
data/go/f19a2472-b163-11e9-b813-6a963bce8695.jpg 0
data/nogo/3b63c062-b16a-11e9-9705-6a963bce8695.jpg 1
data/nogo/2d8d8ee6-b16a-11e9-9705-6a963bce8695.jpg 1
data/nogo/33456cdc-b16a-11e9-9705-6a963bce8695.jpg 1
data/nogo/2fc6ec98-b16a-11e9-9705-6a963bce8695.jpg 1
data/nogo/20d6aa66-b16a-11e9-9705-6a963bce8695.jpg 1
data/nogo/5a6aebb6-b16a-11e9-9705-6a963bce8695.jpg 1
data/nogo/25c396c4-b16a-11e9-9705-6a963bce8695.jpg 1
data/go/3b3b0848-b16a-11e9-9705-6a963bce8695.jpg 0
data/go/33bfce6e-b16a-11e9-9705-6a963bce8695.jpg 0
data/go/10cb05e0-b16a-11e9-9705-6a963bce8695.jpg 0
data/go/585a6e14-b16a-11e9-9705-6a963bce8695.jpg 0
data/go/f49eadb4-b163-11e9-b813-6a963bce8695.jpg 0
data/go/43814814-b16a-11e9-9705-6a963bce8695.jpg 0
data/go/9fedaf06-b161-11e9-b9e7-6a963bce8695.jpg 0
data/go/e32149a2-b163-11e9-b813-6a963bce8695.jpg 0
data/nogo/e07b3108-b169-11e9-ba89-6a963bce8695.jpg 1
data/nogo/0bb59cc8-b16a-11e9-9705-6a963bce8695.jpg 1
data/nogo/20add82a-b16a-11e9-9705-6a963bce8695.jpg 1
data/nogo/2361798c-b16a-11e9-9705-6a963bce8695.jpg 1
data/go/0b6471a4-b16a-11e9-9705-6a963bce8695.jpg 0
data/nogo/b1042a7a-b163-11e9-b813-6a963bce8695.jpg 1
data/go/512d2d7a-b16a-11e9-9705-6a963bce8695.jpg 0
data/nogo/540b9d24-b16a-11e9-9705-6a963bce8695.jpg 1
data/go/515591b6-b16a-11e9-9705-6a963bce8695.jpg 0
data/nogo/35f88144-b16a-11e9-9705-6a963bce8695.jpg 1
data/nogo/022d5dee-b16a-11e9-9705-6a963bce8695.jpg 1
data/nogo/5764f2cc-b16a-11e9-9705-6a963bce8695.jpg 1
data/go/447554d6-b16a-11e9-9705-6a963bce8695.jpg 0
data/nogo/1a7bd18c-b16a-11e9-9705-6a963bce8695.jpg 1
data/nogo/1472293a-b16a-11e9-9705-6a963bce8695.jpg 1
data/nogo/38842918-b16a-11e9-9705-6a963bce8695.jpg 1
data/go/503917b2-b16a-11e9-9705-6a963bce8695.jpg 0
data/go/00968c94-b16a-11e9-9705-6a963bce8695.jpg 0
data/nogo/42de7bde-b16a-11e9-9705-6a963bce8695.jpg 1
data/go/1079f952-b16a-11e9-9705-6a963bce8695.jpg 0
data/go/6896216e-b161-11e9-b9e7-6a963bce8695.jpg 0
data/nogo/4dd649a4-b16a-11e9-9705-6a963bce8695.jpg 1
data/nogo/19b09bb6-b16a-11e9-9705-6a963bce8695.jpg 1
data/nogo/55f5c786-b16a-11e9-9705-6a963bce8695.jpg 1
data/go/66fff41a-b161-11e9-b9e7-6a963bce8695.jpg 0
data/go/63d326a4-b161-11e9-b9e7-6a963bce8695.jpg 0
data/go/835255b8-b161-11e9-b9e7-6a963bce8695.jpg 0
data/nogo/212818e2-b16a-11e9-9705-6a963bce8695.jpg 1
data/go/32a30d98-b16a-11e9-9705-6a963bce8695.jpg 0
data/nogo/5831a09c-b16a-11e9-9705-6a963bce8695.jpg 1
data/go/a797ed8c-b163-11e9-b813-6a963bce8695.jpg 0
data/go/3e91decc-b16a-11e9-9705-6a963bce8695.jpg 0
data/nogo/4540c580-b16a-11e9-9705-6a963bce8695.jpg 1
data/go/68e755a2-b161-11e9-b9e7-6a963bce8695.jpg 0
data/nogo/0e404efc-b16a-11e9-9705-6a963bce8695.jpg 1
data/go/10f3dd8a-b16a-11e9-9705-6a963bce8695.jpg 0
data/go/c79e7218-b163-11e9-b813-6a963bce8695.jpg 0
data/go/86d0e394-b161-11e9-b9e7-6a963bce8695.jpg 0
data/nogo/ab6bb010-b163-11e9-b813-6a963bce8695.jpg 1
data/nogo/18944b74-b16a-11e9-9705-6a963bce8695.jpg 1
data/go/34dc581c-b16a-11e9-9705-6a963bce8695.jpg 0
data/go/1c12ce24-b16a-11e9-9705-6a963bce8695.jpg 0
data/go/96451bb8-b163-11e9-b813-6a963bce8695.jpg 0
data/nogo/111c4f90-b16a-11e9-9705-6a963bce8695.jpg 1
data/nogo/564727c0-b16a-11e9-9705-6a963bce8695.jpg 1
data/nogo/0e68d85e-b16a-11e9-9705-6a963bce8695.jpg 1
data/go/3b11cbea-b16a-11e9-9705-6a963bce8695.jpg 0
data/go/01108a94-b16a-11e9-9705-6a963bce8695.jpg 0
data/nogo/45695680-b16a-11e9-9705-6a963bce8695.jpg 1
data/go/86f9a16c-b161-11e9-b9e7-6a963bce8695.jpg 0
data/nogo/0373820a-b16a-11e9-9705-6a963bce8695.jpg 1
data/nogo/ff5115b6-b169-11e9-9705-6a963bce8695.jpg 1
data/nogo/ce73a176-b163-11e9-b813-6a963bce8695.jpg 1
data/go/e92acd0a-b163-11e9-b813-6a963bce8695.jpg 0
data/go/00bf6074-b16a-11e9-9705-6a963bce8695.jpg 0
data/nogo/07946502-b16a-11e9-9705-6a963bce8695.jpg 1
data/nogo/ef38a852-b163-11e9-b813-6a963bce8695.jpg 1
data/go/0a47a052-b16a-11e9-9705-6a963bce8695.jpg 0
data/go/0cfb2fd0-b16a-11e9-9705-6a963bce8695.jpg 0
data/go/46d8a5d4-b16a-11e9-9705-6a963bce8695.jpg 0
data/nogo/e029a3e2-b169-11e9-ba89-6a963bce8695.jpg 1
data/go/63fbe15c-b161-11e9-b9e7-6a963bce8695.jpg 0
data/nogo/151497c4-b16a-11e9-9705-6a963bce8695.jpg 1
data/nogo/092adacc-b16a-11e9-9705-6a963bce8695.jpg 1
data/nogo/4e5091fa-b16a-11e9-9705-6a963bce8695.jpg 1
data/nogo/0c06e38a-b16a-11e9-9705-6a963bce8695.jpg 1
data/go/4ad0e26e-b16a-11e9-9705-6a963bce8695.jpg 0
data/go/49dd3bd2-b16a-11e9-9705-6a963bce8695.jpg 0
data/go/03222130-b16a-11e9-9705-6a963bce8695.jpg 0
data/go/4752a32a-b16a-11e9-9705-6a963bce8695.jpg 0
data/nogo/1fba439a-b16a-11e9-9705-6a963bce8695.jpg 1
data/go/f3aacdc0-b163-11e9-b813-6a963bce8695.jpg 0
data/go/a324574a-b163-11e9-b813-6a963bce8695.jpg 0
data/nogo/0901dfdc-b16a-11e9-9705-6a963bce8695.jpg 1
data/go/8983d740-b161-11e9-b9e7-6a963bce8695.jpg 0
data/go/ea991ae8-b163-11e9-b813-6a963bce8695.jpg 0
data/go/e01c88fc-b163-11e9-b813-6a963bce8695.jpg 0
data/go/55530d3e-b16a-11e9-9705-6a963bce8695.jpg 0
data/nogo/2eaa4f26-b16a-11e9-9705-6a963bce8695.jpg 1
data/nogo/17f0d1a6-b16a-11e9-9705-6a963bce8695.jpg 1
data/go/006e1958-b16a-11e9-9705-6a963bce8695.jpg 0
data/go/a83a4d5c-b163-11e9-b813-6a963bce8695.jpg 0
data/nogo/1e9d8864-b16a-11e9-9705-6a963bce8695.jpg 1
data/go/336ea462-b16a-11e9-9705-6a963bce8695.jpg 0
data/go/2b537096-b16a-11e9-9705-6a963bce8695.jpg 0
data/nogo/11e71bd0-b16a-11e9-9705-6a963bce8695.jpg 1
data/go/3a03283a-b169-11e9-a8c5-6a963bce8695.jpg 0
data/nogo/3bddc8a8-b16a-11e9-9705-6a963bce8695.jpg 1
data/go/001d07e8-b16a-11e9-9705-6a963bce8695.jpg 0
data/nogo/14c37768-b16a-11e9-9705-6a963bce8695.jpg 1
data/go/08b0c55c-b16a-11e9-9705-6a963bce8695.jpg 0
data/nogo/37b81684-b16a-11e9-9705-6a963bce8695.jpg 1
data/go/9f541b82-b163-11e9-b813-6a963bce8695.jpg 0
data/go/d75d30cc-b163-11e9-b813-6a963bce8695.jpg 0
data/go/a376496a-b163-11e9-b813-6a963bce8695.jpg 0
data/go/98f8cb3e-b163-11e9-b813-6a963bce8695.jpg 0
data/go/06781754-b16a-11e9-9705-6a963bce8695.jpg 0
data/nogo/284f3cd6-b16a-11e9-9705-6a963bce8695.jpg 1
data/nogo/fed7073a-b169-11e9-9705-6a963bce8695.jpg 1
data/nogo/1cb55efa-b16a-11e9-9705-6a963bce8695.jpg 1
data/go/908182a4-b161-11e9-b9e7-6a963bce8695.jpg 0
data/go/477b190e-b16a-11e9-9705-6a963bce8695.jpg 0
data/go/8773ce4c-b161-11e9-b9e7-6a963bce8695.jpg 0
data/nogo/1dd1bc66-b16a-11e9-9705-6a963bce8695.jpg 1
data/go/4c90da50-b16a-11e9-9705-6a963bce8695.jpg 0
data/nogo/0c58d208-b16a-11e9-9705-6a963bce8695.jpg 1
data/nogo/0eba7d44-b16a-11e9-9705-6a963bce8695.jpg 1
data/nogo/4ea23fe6-b16a-11e9-9705-6a963bce8695.jpg 1
data/go/49634066-b16a-11e9-9705-6a963bce8695.jpg 0
data/nogo/1d57df0e-b16a-11e9-9705-6a963bce8695.jpg 1
data/nogo/0e91abb2-b16a-11e9-9705-6a963bce8695.jpg 1
data/go/242c8f0a-b16a-11e9-9705-6a963bce8695.jpg 0
data/nogo/40536384-b16a-11e9-9705-6a963bce8695.jpg 1
data/nogo/aac8c3be-b163-11e9-b813-6a963bce8695.jpg 1
data/nogo/4e792a84-b16a-11e9-9705-6a963bce8695.jpg 1
data/nogo/2151462c-b16a-11e9-9705-6a963bce8695.jpg 1
data/go/2cc16eba-b16a-11e9-9705-6a963bce8695.jpg 0
data/go/a0482196-b163-11e9-b813-6a963bce8695.jpg 0
data/nogo/f63659ba-b163-11e9-b813-6a963bce8695.jpg 1
data/go/2e5922b8-b16a-11e9-9705-6a963bce8695.jpg 0
data/nogo/40021858-b16a-11e9-9705-6a963bce8695.jpg 1
data/nogo/1f68e98c-b16a-11e9-9705-6a963bce8695.jpg 1
data/nogo/402a960c-b16a-11e9-9705-6a963bce8695.jpg 1
data/go/07e5b8bc-b16a-11e9-9705-6a963bce8695.jpg 0
data/nogo/bd697590-b163-11e9-b813-6a963bce8695.jpg 1
data/nogo/4307087e-b16a-11e9-9705-6a963bce8695.jpg 1
data/nogo/bbd35106-b163-11e9-b813-6a963bce8695.jpg 1
data/go/0532d5f0-b16a-11e9-9705-6a963bce8695.jpg 0
data/nogo/feff8c00-b169-11e9-9705-6a963bce8695.jpg 1
data/nogo/158ee20e-b16a-11e9-9705-6a963bce8695.jpg 1
data/nogo/2244d332-b16a-11e9-9705-6a963bce8695.jpg 1
data/go/4a5732ac-b16a-11e9-9705-6a963bce8695.jpg 0
data/go/0cd2808a-b16a-11e9-9705-6a963bce8695.jpg 0
data/nogo/2f758c86-b16a-11e9-9705-6a963bce8695.jpg 1
data/go/30e47802-b16a-11e9-9705-6a963bce8695.jpg 0
data/go/4687aa76-b16a-11e9-9705-6a963bce8695.jpg 0
data/nogo/184299fa-b16a-11e9-9705-6a963bce8695.jpg 1
data/go/959789d2-b161-11e9-b9e7-6a963bce8695.jpg 0
data/go/32f44348-b16a-11e9-9705-6a963bce8695.jpg 0
data/nogo/331cb242-b16a-11e9-9705-6a963bce8695.jpg 1
data/go/9ef992f4-b161-11e9-b9e7-6a963bce8695.jpg 0
data/go/32cb97d6-b16a-11e9-9705-6a963bce8695.jpg 0
data/go/552a1906-b16a-11e9-9705-6a963bce8695.jpg 0
data/go/e2a6eb80-b163-11e9-b813-6a963bce8695.jpg 0
data/nogo/268ef01c-b16a-11e9-9705-6a963bce8695.jpg 1
data/go/2cea0a00-b16a-11e9-9705-6a963bce8695.jpg 0
data/nogo/c6d2eb0c-b163-11e9-b813-6a963bce8695.jpg 1
data/go/c209b196-b163-11e9-b813-6a963bce8695.jpg 0
data/go/2919fe3a-b16a-11e9-9705-6a963bce8695.jpg 0
data/go/4d0ad3a0-b16a-11e9-9705-6a963bce8695.jpg 0
data/nogo/feae4e9e-b169-11e9-9705-6a963bce8695.jpg 1
